-- Install configuration: ""
-- Up-to-date: /home/kisrane/panda_ws/install/franka_description/share/franka_description//launch
-- Up-to-date: /home/kisrane/panda_ws/install/franka_description/share/franka_description//launch/visualize_franka.launch.py
-- Up-to-date: /home/kisrane/panda_ws/install/franka_description/share/franka_description//launch/visualize_franka_duo.launch.py
-- Up-to-date: /home/kisrane/panda_ws/install/franka_description/share/franka_description//robots
-- Up-to-date: /home/kisrane/panda_ws/install/franka_description/share/franka_description//robots/common
-- Up-to-date: /home/kisrane/panda_ws/install/franka_description/share/franka_description//robots/common/franka_arm.xacro
-- Up-to-date: /home/kisrane/panda_ws/install/franka_description/share/franka_description//robots/common/utils.xacro
-- Up-to-date: /home/kisrane/panda_ws/install/franka_description/share/franka_description//robots/common/group_definition.xacro
-- Up-to-date: /home/kisrane/panda_ws/install/franka_description/share/franka_description//robots/common/franka_robot.xacro
-- Up-to-date: /home/kisrane/panda_ws/install/franka_description/share/franka_description//robots/common/franka_arm.ros2_control.xacro
-- Up-to-date: /home/kisrane/panda_ws/install/franka_description/share/franka_description//robots/common/franka_arm.srdf.xacro
-- Up-to-date: /home/kisrane/panda_ws/install/franka_description/share/franka_description//robots/fr3_duo
-- Up-to-date: /home/kisrane/panda_ws/install/franka_description/share/franka_description//robots/fr3_duo/fr3_duo_fixed_structure.urdf.xacro
-- Up-to-date: /home/kisrane/panda_ws/install/franka_description/share/franka_description//robots/fr3_duo/fr3_duo_mount
-- Up-to-date: /home/kisrane/panda_ws/install/franka_description/share/franka_description//robots/fr3_duo/fr3_duo_mount/kinematics.yaml
-- Up-to-date: /home/kisrane/panda_ws/install/franka_description/share/franka_description//robots/fr3_duo/fr3_duo_mount/fr3_duo_mount.xacro
-- Up-to-date: /home/kisrane/panda_ws/install/franka_description/share/franka_description//robots/fr3_duo/fr3_duo_mount/inertials.yaml
-- Up-to-date: /home/kisrane/panda_ws/install/franka_description/share/franka_description//robots/fr3_duo/fr3_duo_head.xacro
-- Up-to-date: /home/kisrane/panda_ws/install/franka_description/share/franka_description//robots/fr3_duo/fr3_duo.urdf.xacro
-- Up-to-date: /home/kisrane/panda_ws/install/franka_description/share/franka_description//robots/fr3_duo/fr3_duo_arm.urdf.xacro
-- Up-to-date: /home/kisrane/panda_ws/install/franka_description/share/franka_description//robots/fr3_duo/fr3_duo.srdf.xacro
-- Up-to-date: /home/kisrane/panda_ws/install/franka_description/share/franka_description//robots/fr3v2
-- Up-to-date: /home/kisrane/panda_ws/install/franka_description/share/franka_description//robots/fr3v2/kinematics.yaml
-- Up-to-date: /home/kisrane/panda_ws/install/franka_description/share/franka_description//robots/fr3v2/fr3v2.urdf.xacro
-- Up-to-date: /home/kisrane/panda_ws/install/franka_description/share/franka_description//robots/fr3v2/inertials.yaml
-- Up-to-date: /home/kisrane/panda_ws/install/franka_description/share/franka_description//robots/fr3v2/fr3v2.srdf.xacro
-- Up-to-date: /home/kisrane/panda_ws/install/franka_description/share/franka_description//robots/fr3v2/dynamics.yaml
-- Up-to-date: /home/kisrane/panda_ws/install/franka_description/share/franka_description//robots/fr3v2/joint_limits.yaml
-- Up-to-date: /home/kisrane/panda_ws/install/franka_description/share/franka_description//robots/fr3v2/accelerometers.yaml
-- Up-to-date: /home/kisrane/panda_ws/install/franka_description/share/franka_description//robots/fer
-- Up-to-date: /home/kisrane/panda_ws/install/franka_description/share/franka_description//robots/fer/kinematics.yaml
-- Up-to-date: /home/kisrane/panda_ws/install/franka_description/share/franka_description//robots/fer/fer.srdf.xacro
-- Up-to-date: /home/kisrane/panda_ws/install/franka_description/share/franka_description//robots/fer/inertials.yaml
-- Up-to-date: /home/kisrane/panda_ws/install/franka_description/share/franka_description//robots/fer/fer.urdf.xacro
-- Up-to-date: /home/kisrane/panda_ws/install/franka_description/share/franka_description//robots/fer/dynamics.yaml
-- Up-to-date: /home/kisrane/panda_ws/install/franka_description/share/franka_description//robots/fer/joint_limits.yaml
-- Up-to-date: /home/kisrane/panda_ws/install/franka_description/share/franka_description//robots/mobile_fr3_duo_v0_2
-- Up-to-date: /home/kisrane/panda_ws/install/franka_description/share/franka_description//robots/mobile_fr3_duo_v0_2/mobile_fr3_duo_v0_2.urdf.xacro
-- Up-to-date: /home/kisrane/panda_ws/install/franka_description/share/franka_description//robots/mobile_fr3_duo_v0_2/mobile_fr3_duo_v0_2.xacro
-- Up-to-date: /home/kisrane/panda_ws/install/franka_description/share/franka_description//robots/mobile_fr3_duo_v0_2/mobile_fr3_duo.ros2_control.xacro
-- Up-to-date: /home/kisrane/panda_ws/install/franka_description/share/franka_description//robots/fp3
-- Up-to-date: /home/kisrane/panda_ws/install/franka_description/share/franka_description//robots/fp3/kinematics.yaml
-- Up-to-date: /home/kisrane/panda_ws/install/franka_description/share/franka_description//robots/fp3/inertials.yaml
-- Up-to-date: /home/kisrane/panda_ws/install/franka_description/share/franka_description//robots/fp3/dynamics.yaml
-- Up-to-date: /home/kisrane/panda_ws/install/franka_description/share/franka_description//robots/fp3/fp3.srdf.xacro
-- Up-to-date: /home/kisrane/panda_ws/install/franka_description/share/franka_description//robots/fp3/fp3.urdf.xacro
-- Up-to-date: /home/kisrane/panda_ws/install/franka_description/share/franka_description//robots/fp3/joint_limits.yaml
-- Up-to-date: /home/kisrane/panda_ws/install/franka_description/share/franka_description//robots/fp3/accelerometers.yaml
-- Up-to-date: /home/kisrane/panda_ws/install/franka_description/share/franka_description//robots/fr3v2_1
-- Up-to-date: /home/kisrane/panda_ws/install/franka_description/share/franka_description//robots/fr3v2_1/kinematics.yaml
-- Up-to-date: /home/kisrane/panda_ws/install/franka_description/share/franka_description//robots/fr3v2_1/fr3v2_1.urdf.xacro
-- Up-to-date: /home/kisrane/panda_ws/install/franka_description/share/franka_description//robots/fr3v2_1/inertials.yaml
-- Up-to-date: /home/kisrane/panda_ws/install/franka_description/share/franka_description//robots/fr3v2_1/fr3v2_1.srdf.xacro
-- Up-to-date: /home/kisrane/panda_ws/install/franka_description/share/franka_description//robots/fr3v2_1/dynamics.yaml
-- Up-to-date: /home/kisrane/panda_ws/install/franka_description/share/franka_description//robots/fr3v2_1/joint_limits.yaml
-- Up-to-date: /home/kisrane/panda_ws/install/franka_description/share/franka_description//robots/fr3v2_1/accelerometers.yaml
-- Up-to-date: /home/kisrane/panda_ws/install/franka_description/share/franka_description//robots/fr3
-- Up-to-date: /home/kisrane/panda_ws/install/franka_description/share/franka_description//robots/fr3/kinematics.yaml
-- Up-to-date: /home/kisrane/panda_ws/install/franka_description/share/franka_description//robots/fr3/fr3.urdf.xacro
-- Up-to-date: /home/kisrane/panda_ws/install/franka_description/share/franka_description//robots/fr3/inertials.yaml
-- Up-to-date: /home/kisrane/panda_ws/install/franka_description/share/franka_description//robots/fr3/fr3.srdf.xacro
-- Up-to-date: /home/kisrane/panda_ws/install/franka_description/share/franka_description//robots/fr3/dynamics.yaml
-- Up-to-date: /home/kisrane/panda_ws/install/franka_description/share/franka_description//robots/fr3/joint_limits.yaml
-- Up-to-date: /home/kisrane/panda_ws/install/franka_description/share/franka_description//robots/fr3/accelerometers.yaml
-- Up-to-date: /home/kisrane/panda_ws/install/franka_description/share/franka_description//robots/tmrv0_2
-- Up-to-date: /home/kisrane/panda_ws/install/franka_description/share/franka_description//robots/tmrv0_2/tmrv0_2.ros2_control.xacro
-- Up-to-date: /home/kisrane/panda_ws/install/franka_description/share/franka_description//robots/tmrv0_2/inertia.xacro
-- Up-to-date: /home/kisrane/panda_ws/install/franka_description/share/franka_description//robots/tmrv0_2/argo_drive.xacro
-- Up-to-date: /home/kisrane/panda_ws/install/franka_description/share/franka_description//robots/tmrv0_2/caster_wheel.xacro
-- Up-to-date: /home/kisrane/panda_ws/install/franka_description/share/franka_description//robots/tmrv0_2/rocker_arm.xacro
-- Up-to-date: /home/kisrane/panda_ws/install/franka_description/share/franka_description//robots/tmrv0_2/tmrv0_2.urdf.xacro
-- Up-to-date: /home/kisrane/panda_ws/install/franka_description/share/franka_description//robots/tmrv0_2/tmrv0_2.xacro
-- Up-to-date: /home/kisrane/panda_ws/install/franka_description/share/franka_description//end_effectors
-- Up-to-date: /home/kisrane/panda_ws/install/franka_description/share/franka_description//end_effectors/franka_hand
-- Up-to-date: /home/kisrane/panda_ws/install/franka_description/share/franka_description//end_effectors/franka_hand/franka_hand.urdf.xacro
-- Up-to-date: /home/kisrane/panda_ws/install/franka_description/share/franka_description//end_effectors/franka_hand/franka_hand_arguments.xacro
-- Up-to-date: /home/kisrane/panda_ws/install/franka_description/share/franka_description//end_effectors/franka_hand/inertials.yaml
-- Up-to-date: /home/kisrane/panda_ws/install/franka_description/share/franka_description//end_effectors/franka_hand/franka_hand.srdf.xacro
-- Up-to-date: /home/kisrane/panda_ws/install/franka_description/share/franka_description//end_effectors/cobot_pump
-- Up-to-date: /home/kisrane/panda_ws/install/franka_description/share/franka_description//end_effectors/cobot_pump/cobot_pump.urdf.xacro
-- Up-to-date: /home/kisrane/panda_ws/install/franka_description/share/franka_description//end_effectors/cobot_pump/cobot_pump_arguments.xacro
-- Up-to-date: /home/kisrane/panda_ws/install/franka_description/share/franka_description//end_effectors/cobot_pump/inertials.yaml
-- Up-to-date: /home/kisrane/panda_ws/install/franka_description/share/franka_description//end_effectors/common
-- Up-to-date: /home/kisrane/panda_ws/install/franka_description/share/franka_description//end_effectors/common/utils.xacro
-- Up-to-date: /home/kisrane/panda_ws/install/franka_description/share/franka_description//end_effectors/common/ee_with_one_link.xacro
-- Up-to-date: /home/kisrane/panda_ws/install/franka_description/share/franka_description//end_effectors/common/franka_hand.xacro
-- Up-to-date: /home/kisrane/panda_ws/install/franka_description/share/franka_description//meshes
-- Up-to-date: /home/kisrane/panda_ws/install/franka_description/share/franka_description//meshes/accessories
-- Up-to-date: /home/kisrane/panda_ws/install/franka_description/share/franka_description//meshes/accessories/fr3_duo_head
-- Up-to-date: /home/kisrane/panda_ws/install/franka_description/share/franka_description//meshes/accessories/fr3_duo_head/collision
-- Up-to-date: /home/kisrane/panda_ws/install/franka_description/share/franka_description//meshes/accessories/fr3_duo_head/collision/fr3_duo_head.stl
-- Up-to-date: /home/kisrane/panda_ws/install/franka_description/share/franka_description//meshes/accessories/fr3_duo_head/visual
-- Up-to-date: /home/kisrane/panda_ws/install/franka_description/share/franka_description//meshes/accessories/fr3_duo_head/visual/fr3_duo_head.dae
-- Up-to-date: /home/kisrane/panda_ws/install/franka_description/share/franka_description//meshes/accessories/fr3_duo_mount
-- Up-to-date: /home/kisrane/panda_ws/install/franka_description/share/franka_description//meshes/accessories/fr3_duo_mount/collision
-- Up-to-date: /home/kisrane/panda_ws/install/franka_description/share/franka_description//meshes/accessories/fr3_duo_mount/collision/fr3_duo_cover.stl
-- Up-to-date: /home/kisrane/panda_ws/install/franka_description/share/franka_description//meshes/accessories/fr3_duo_mount/collision/fr3_duo_mount.stl
-- Up-to-date: /home/kisrane/panda_ws/install/franka_description/share/franka_description//meshes/accessories/fr3_duo_mount/visual
-- Up-to-date: /home/kisrane/panda_ws/install/franka_description/share/franka_description//meshes/accessories/fr3_duo_mount/visual/fr3_duo_cover.dae
-- Up-to-date: /home/kisrane/panda_ws/install/franka_description/share/franka_description//meshes/accessories/fr3_duo_mount/visual/fr3_duo_mount.dae
-- Up-to-date: /home/kisrane/panda_ws/install/franka_description/share/franka_description//meshes/accessories/franka_spine
-- Up-to-date: /home/kisrane/panda_ws/install/franka_description/share/franka_description//meshes/accessories/franka_spine/collision
-- Up-to-date: /home/kisrane/panda_ws/install/franka_description/share/franka_description//meshes/accessories/franka_spine/collision/franka_spine.stl
-- Up-to-date: /home/kisrane/panda_ws/install/franka_description/share/franka_description//meshes/accessories/franka_spine/visual
-- Up-to-date: /home/kisrane/panda_ws/install/franka_description/share/franka_description//meshes/accessories/franka_spine/visual/franka_spine.dae
-- Up-to-date: /home/kisrane/panda_ws/install/franka_description/share/franka_description//meshes/robot_ee
-- Up-to-date: /home/kisrane/panda_ws/install/franka_description/share/franka_description//meshes/robot_ee/cobot_pump
-- Up-to-date: /home/kisrane/panda_ws/install/franka_description/share/franka_description//meshes/robot_ee/cobot_pump/collision
-- Up-to-date: /home/kisrane/panda_ws/install/franka_description/share/franka_description//meshes/robot_ee/cobot_pump/collision/cobot_pump.stl
-- Up-to-date: /home/kisrane/panda_ws/install/franka_description/share/franka_description//meshes/robot_ee/cobot_pump/visual
-- Up-to-date: /home/kisrane/panda_ws/install/franka_description/share/franka_description//meshes/robot_ee/cobot_pump/visual/cobot_pump.dae
-- Up-to-date: /home/kisrane/panda_ws/install/franka_description/share/franka_description//meshes/robot_ee/franka_hand_black
-- Up-to-date: /home/kisrane/panda_ws/install/franka_description/share/franka_description//meshes/robot_ee/franka_hand_black/collision
-- Up-to-date: /home/kisrane/panda_ws/install/franka_description/share/franka_description//meshes/robot_ee/franka_hand_black/collision/hand.stl
-- Up-to-date: /home/kisrane/panda_ws/install/franka_description/share/franka_description//meshes/robot_ee/franka_hand_black/visual
-- Up-to-date: /home/kisrane/panda_ws/install/franka_description/share/franka_description//meshes/robot_ee/franka_hand_black/visual/finger.dae
-- Up-to-date: /home/kisrane/panda_ws/install/franka_description/share/franka_description//meshes/robot_ee/franka_hand_black/visual/hand.dae
-- Up-to-date: /home/kisrane/panda_ws/install/franka_description/share/franka_description//meshes/robot_ee/franka_hand_white
-- Up-to-date: /home/kisrane/panda_ws/install/franka_description/share/franka_description//meshes/robot_ee/franka_hand_white/collision
-- Up-to-date: /home/kisrane/panda_ws/install/franka_description/share/franka_description//meshes/robot_ee/franka_hand_white/collision/hand.stl
-- Up-to-date: /home/kisrane/panda_ws/install/franka_description/share/franka_description//meshes/robot_ee/franka_hand_white/visual
-- Up-to-date: /home/kisrane/panda_ws/install/franka_description/share/franka_description//meshes/robot_ee/franka_hand_white/visual/finger.dae
-- Up-to-date: /home/kisrane/panda_ws/install/franka_description/share/franka_description//meshes/robot_ee/franka_hand_white/visual/hand.dae
-- Up-to-date: /home/kisrane/panda_ws/install/franka_description/share/franka_description//meshes/robots
-- Up-to-date: /home/kisrane/panda_ws/install/franka_description/share/franka_description//meshes/robots/fr3v2
-- Up-to-date: /home/kisrane/panda_ws/install/franka_description/share/franka_description//meshes/robots/fr3v2/collision
-- Up-to-date: /home/kisrane/panda_ws/install/franka_description/share/franka_description//meshes/robots/fr3v2/collision/link7.stl
-- Up-to-date: /home/kisrane/panda_ws/install/franka_description/share/franka_description//meshes/robots/fr3v2/collision/link5.stl
-- Up-to-date: /home/kisrane/panda_ws/install/franka_description/share/franka_description//meshes/robots/fr3v2/collision/link6.stl
-- Up-to-date: /home/kisrane/panda_ws/install/franka_description/share/franka_description//meshes/robots/fr3v2/collision/link3.stl
-- Up-to-date: /home/kisrane/panda_ws/install/franka_description/share/franka_description//meshes/robots/fr3v2/collision/link2.stl
-- Up-to-date: /home/kisrane/panda_ws/install/franka_description/share/franka_description//meshes/robots/fr3v2/collision/link0.stl
-- Up-to-date: /home/kisrane/panda_ws/install/franka_description/share/franka_description//meshes/robots/fr3v2/collision/link1.stl
-- Up-to-date: /home/kisrane/panda_ws/install/franka_description/share/franka_description//meshes/robots/fr3v2/collision/link4.stl
-- Up-to-date: /home/kisrane/panda_ws/install/franka_description/share/franka_description//meshes/robots/fr3v2/visual
-- Up-to-date: /home/kisrane/panda_ws/install/franka_description/share/franka_description//meshes/robots/fr3v2/visual/link7.dae
-- Up-to-date: /home/kisrane/panda_ws/install/franka_description/share/franka_description//meshes/robots/fr3v2/visual/link5.dae
-- Up-to-date: /home/kisrane/panda_ws/install/franka_description/share/franka_description//meshes/robots/fr3v2/visual/link2.dae
-- Up-to-date: /home/kisrane/panda_ws/install/franka_description/share/franka_description//meshes/robots/fr3v2/visual/link6.dae
-- Up-to-date: /home/kisrane/panda_ws/install/franka_description/share/franka_description//meshes/robots/fr3v2/visual/link1.dae
-- Up-to-date: /home/kisrane/panda_ws/install/franka_description/share/franka_description//meshes/robots/fr3v2/visual/link3.dae
-- Up-to-date: /home/kisrane/panda_ws/install/franka_description/share/franka_description//meshes/robots/fr3v2/visual/link0.dae
-- Up-to-date: /home/kisrane/panda_ws/install/franka_description/share/franka_description//meshes/robots/fr3v2/visual/link4.dae
-- Up-to-date: /home/kisrane/panda_ws/install/franka_description/share/franka_description//meshes/robots/fer
-- Up-to-date: /home/kisrane/panda_ws/install/franka_description/share/franka_description//meshes/robots/fer/collision
-- Up-to-date: /home/kisrane/panda_ws/install/franka_description/share/franka_description//meshes/robots/fer/collision/link7.stl
-- Up-to-date: /home/kisrane/panda_ws/install/franka_description/share/franka_description//meshes/robots/fer/collision/link5.stl
-- Up-to-date: /home/kisrane/panda_ws/install/franka_description/share/franka_description//meshes/robots/fer/collision/hand.stl
-- Up-to-date: /home/kisrane/panda_ws/install/franka_description/share/franka_description//meshes/robots/fer/collision/link6.stl
-- Up-to-date: /home/kisrane/panda_ws/install/franka_description/share/franka_description//meshes/robots/fer/collision/link3.stl
-- Up-to-date: /home/kisrane/panda_ws/install/franka_description/share/franka_description//meshes/robots/fer/collision/link2.stl
-- Up-to-date: /home/kisrane/panda_ws/install/franka_description/share/franka_description//meshes/robots/fer/collision/link0.stl
-- Up-to-date: /home/kisrane/panda_ws/install/franka_description/share/franka_description//meshes/robots/fer/collision/link1.stl
-- Up-to-date: /home/kisrane/panda_ws/install/franka_description/share/franka_description//meshes/robots/fer/collision/link4.stl
-- Up-to-date: /home/kisrane/panda_ws/install/franka_description/share/franka_description//meshes/robots/fer/visual
-- Up-to-date: /home/kisrane/panda_ws/install/franka_description/share/franka_description//meshes/robots/fer/visual/link7.dae
-- Up-to-date: /home/kisrane/panda_ws/install/franka_description/share/franka_description//meshes/robots/fer/visual/link5.dae
-- Up-to-date: /home/kisrane/panda_ws/install/franka_description/share/franka_description//meshes/robots/fer/visual/link2.dae
-- Up-to-date: /home/kisrane/panda_ws/install/franka_description/share/franka_description//meshes/robots/fer/visual/link6.dae
-- Up-to-date: /home/kisrane/panda_ws/install/franka_description/share/franka_description//meshes/robots/fer/visual/link1.dae
-- Up-to-date: /home/kisrane/panda_ws/install/franka_description/share/franka_description//meshes/robots/fer/visual/link3.dae
-- Up-to-date: /home/kisrane/panda_ws/install/franka_description/share/franka_description//meshes/robots/fer/visual/link0.dae
-- Up-to-date: /home/kisrane/panda_ws/install/franka_description/share/franka_description//meshes/robots/fer/visual/finger.dae
-- Up-to-date: /home/kisrane/panda_ws/install/franka_description/share/franka_description//meshes/robots/fer/visual/link4.dae
-- Up-to-date: /home/kisrane/panda_ws/install/franka_description/share/franka_description//meshes/robots/fer/visual/hand.dae
-- Up-to-date: /home/kisrane/panda_ws/install/franka_description/share/franka_description//meshes/robots/fp3
-- Up-to-date: /home/kisrane/panda_ws/install/franka_description/share/franka_description//meshes/robots/fp3/collision
-- Up-to-date: /home/kisrane/panda_ws/install/franka_description/share/franka_description//meshes/robots/fp3/collision/link7.stl
-- Up-to-date: /home/kisrane/panda_ws/install/franka_description/share/franka_description//meshes/robots/fp3/collision/link5.stl
-- Up-to-date: /home/kisrane/panda_ws/install/franka_description/share/franka_description//meshes/robots/fp3/collision/link6.stl
-- Up-to-date: /home/kisrane/panda_ws/install/franka_description/share/franka_description//meshes/robots/fp3/collision/link3.stl
-- Up-to-date: /home/kisrane/panda_ws/install/franka_description/share/franka_description//meshes/robots/fp3/collision/link2.stl
-- Up-to-date: /home/kisrane/panda_ws/install/franka_description/share/franka_description//meshes/robots/fp3/collision/link0.stl
-- Up-to-date: /home/kisrane/panda_ws/install/franka_description/share/franka_description//meshes/robots/fp3/collision/link1.stl
-- Up-to-date: /home/kisrane/panda_ws/install/franka_description/share/franka_description//meshes/robots/fp3/collision/link4.stl
-- Up-to-date: /home/kisrane/panda_ws/install/franka_description/share/franka_description//meshes/robots/fp3/visual
-- Up-to-date: /home/kisrane/panda_ws/install/franka_description/share/franka_description//meshes/robots/fp3/visual/link7.dae
-- Up-to-date: /home/kisrane/panda_ws/install/franka_description/share/franka_description//meshes/robots/fp3/visual/link5.dae
-- Up-to-date: /home/kisrane/panda_ws/install/franka_description/share/franka_description//meshes/robots/fp3/visual/link2.dae
-- Up-to-date: /home/kisrane/panda_ws/install/franka_description/share/franka_description//meshes/robots/fp3/visual/link6.dae
-- Up-to-date: /home/kisrane/panda_ws/install/franka_description/share/franka_description//meshes/robots/fp3/visual/link1.dae
-- Up-to-date: /home/kisrane/panda_ws/install/franka_description/share/franka_description//meshes/robots/fp3/visual/link3.dae
-- Up-to-date: /home/kisrane/panda_ws/install/franka_description/share/franka_description//meshes/robots/fp3/visual/link0.dae
-- Up-to-date: /home/kisrane/panda_ws/install/franka_description/share/franka_description//meshes/robots/fp3/visual/link4.dae
-- Up-to-date: /home/kisrane/panda_ws/install/franka_description/share/franka_description//meshes/robots/fr3v2_1
-- Up-to-date: /home/kisrane/panda_ws/install/franka_description/share/franka_description//meshes/robots/fr3v2_1/collision
-- Up-to-date: /home/kisrane/panda_ws/install/franka_description/share/franka_description//meshes/robots/fr3v2_1/collision/link7.stl
-- Up-to-date: /home/kisrane/panda_ws/install/franka_description/share/franka_description//meshes/robots/fr3v2_1/collision/link5.stl
-- Up-to-date: /home/kisrane/panda_ws/install/franka_description/share/franka_description//meshes/robots/fr3v2_1/collision/link6.stl
-- Up-to-date: /home/kisrane/panda_ws/install/franka_description/share/franka_description//meshes/robots/fr3v2_1/collision/link3.stl
-- Up-to-date: /home/kisrane/panda_ws/install/franka_description/share/franka_description//meshes/robots/fr3v2_1/collision/link2.stl
-- Up-to-date: /home/kisrane/panda_ws/install/franka_description/share/franka_description//meshes/robots/fr3v2_1/collision/link0.stl
-- Up-to-date: /home/kisrane/panda_ws/install/franka_description/share/franka_description//meshes/robots/fr3v2_1/collision/link1.stl
-- Up-to-date: /home/kisrane/panda_ws/install/franka_description/share/franka_description//meshes/robots/fr3v2_1/collision/link4.stl
-- Up-to-date: /home/kisrane/panda_ws/install/franka_description/share/franka_description//meshes/robots/fr3v2_1/visual
-- Up-to-date: /home/kisrane/panda_ws/install/franka_description/share/franka_description//meshes/robots/fr3v2_1/visual/link7.dae
-- Up-to-date: /home/kisrane/panda_ws/install/franka_description/share/franka_description//meshes/robots/fr3v2_1/visual/link5.dae
-- Up-to-date: /home/kisrane/panda_ws/install/franka_description/share/franka_description//meshes/robots/fr3v2_1/visual/link2.dae
-- Up-to-date: /home/kisrane/panda_ws/install/franka_description/share/franka_description//meshes/robots/fr3v2_1/visual/link6.dae
-- Up-to-date: /home/kisrane/panda_ws/install/franka_description/share/franka_description//meshes/robots/fr3v2_1/visual/link1.dae
-- Up-to-date: /home/kisrane/panda_ws/install/franka_description/share/franka_description//meshes/robots/fr3v2_1/visual/link3.dae
-- Up-to-date: /home/kisrane/panda_ws/install/franka_description/share/franka_description//meshes/robots/fr3v2_1/visual/link0.dae
-- Up-to-date: /home/kisrane/panda_ws/install/franka_description/share/franka_description//meshes/robots/fr3v2_1/visual/link4.dae
-- Up-to-date: /home/kisrane/panda_ws/install/franka_description/share/franka_description//meshes/robots/fr3
-- Up-to-date: /home/kisrane/panda_ws/install/franka_description/share/franka_description//meshes/robots/fr3/collision
-- Up-to-date: /home/kisrane/panda_ws/install/franka_description/share/franka_description//meshes/robots/fr3/collision/link7.stl
-- Up-to-date: /home/kisrane/panda_ws/install/franka_description/share/franka_description//meshes/robots/fr3/collision/link5.stl
-- Up-to-date: /home/kisrane/panda_ws/install/franka_description/share/franka_description//meshes/robots/fr3/collision/link6.stl
-- Up-to-date: /home/kisrane/panda_ws/install/franka_description/share/franka_description//meshes/robots/fr3/collision/link3.stl
-- Up-to-date: /home/kisrane/panda_ws/install/franka_description/share/franka_description//meshes/robots/fr3/collision/link2.stl
-- Up-to-date: /home/kisrane/panda_ws/install/franka_description/share/franka_description//meshes/robots/fr3/collision/link0.stl
-- Up-to-date: /home/kisrane/panda_ws/install/franka_description/share/franka_description//meshes/robots/fr3/collision/link1.stl
-- Up-to-date: /home/kisrane/panda_ws/install/franka_description/share/franka_description//meshes/robots/fr3/collision/link4.stl
-- Up-to-date: /home/kisrane/panda_ws/install/franka_description/share/franka_description//meshes/robots/fr3/visual
-- Up-to-date: /home/kisrane/panda_ws/install/franka_description/share/franka_description//meshes/robots/fr3/visual/link7.dae
-- Up-to-date: /home/kisrane/panda_ws/install/franka_description/share/franka_description//meshes/robots/fr3/visual/link5.dae
-- Up-to-date: /home/kisrane/panda_ws/install/franka_description/share/franka_description//meshes/robots/fr3/visual/link2.dae
-- Up-to-date: /home/kisrane/panda_ws/install/franka_description/share/franka_description//meshes/robots/fr3/visual/link6.dae
-- Up-to-date: /home/kisrane/panda_ws/install/franka_description/share/franka_description//meshes/robots/fr3/visual/link1.dae
-- Up-to-date: /home/kisrane/panda_ws/install/franka_description/share/franka_description//meshes/robots/fr3/visual/link3.dae
-- Up-to-date: /home/kisrane/panda_ws/install/franka_description/share/franka_description//meshes/robots/fr3/visual/link0.dae
-- Up-to-date: /home/kisrane/panda_ws/install/franka_description/share/franka_description//meshes/robots/fr3/visual/link4.dae
-- Up-to-date: /home/kisrane/panda_ws/install/franka_description/share/franka_description//meshes/robots/tmrv0_2
-- Up-to-date: /home/kisrane/panda_ws/install/franka_description/share/franka_description//meshes/robots/tmrv0_2/collision
-- Up-to-date: /home/kisrane/panda_ws/install/franka_description/share/franka_description//meshes/robots/tmrv0_2/collision/tmrv0_2.stl
-- Up-to-date: /home/kisrane/panda_ws/install/franka_description/share/franka_description//meshes/robots/tmrv0_2/visual
-- Up-to-date: /home/kisrane/panda_ws/install/franka_description/share/franka_description//meshes/robots/tmrv0_2/visual/tmrv0_2.dae
-- Up-to-date: /home/kisrane/panda_ws/install/franka_description/share/franka_description//rviz
-- Up-to-date: /home/kisrane/panda_ws/install/franka_description/share/franka_description//rviz/visualize_franka.rviz
-- Up-to-date: /home/kisrane/panda_ws/install/franka_description/share/franka_description//rviz/visualize_franka_duo.rviz
-- Up-to-date: /home/kisrane/panda_ws/install/franka_description/share/ament_index/resource_index/package_run_dependencies/franka_description
-- Up-to-date: /home/kisrane/panda_ws/install/franka_description/share/ament_index/resource_index/parent_prefix_path/franka_description
-- Up-to-date: /home/kisrane/panda_ws/install/franka_description/share/franka_description/environment/ament_prefix_path.sh
-- Up-to-date: /home/kisrane/panda_ws/install/franka_description/share/franka_description/environment/ament_prefix_path.dsv
-- Up-to-date: /home/kisrane/panda_ws/install/franka_description/share/franka_description/environment/path.sh
-- Up-to-date: /home/kisrane/panda_ws/install/franka_description/share/franka_description/environment/path.dsv
-- Up-to-date: /home/kisrane/panda_ws/install/franka_description/share/franka_description/local_setup.bash
-- Up-to-date: /home/kisrane/panda_ws/install/franka_description/share/franka_description/local_setup.sh
-- Up-to-date: /home/kisrane/panda_ws/install/franka_description/share/franka_description/local_setup.zsh
-- Up-to-date: /home/kisrane/panda_ws/install/franka_description/share/franka_description/local_setup.dsv
-- Up-to-date: /home/kisrane/panda_ws/install/franka_description/share/franka_description/package.dsv
-- Up-to-date: /home/kisrane/panda_ws/install/franka_description/share/ament_index/resource_index/packages/franka_description
-- Up-to-date: /home/kisrane/panda_ws/install/franka_description/share/franka_description/cmake/franka_descriptionConfig.cmake
-- Up-to-date: /home/kisrane/panda_ws/install/franka_description/share/franka_description/cmake/franka_descriptionConfig-version.cmake
-- Up-to-date: /home/kisrane/panda_ws/install/franka_description/share/franka_description/package.xml
