[0.042s] Invoking command in '/home/kisrane/panda_ws/build/franka_description': CMAKE_PREFIX_PATH=${CMAKE_PREFIX_PATH}:/opt/ros/jazzy DEBUGINFOD_URLS=https://debuginfod.ubuntu.com /usr/bin/cmake --build /home/kisrane/panda_ws/build/franka_description -- -j3 -l3
[0.168s] Invoked command in '/home/kisrane/panda_ws/build/franka_description' returned '0': CMAKE_PREFIX_PATH=${CMAKE_PREFIX_PATH}:/opt/ros/jazzy DEBUGINFOD_URLS=https://debuginfod.ubuntu.com /usr/bin/cmake --build /home/kisrane/panda_ws/build/franka_description -- -j3 -l3
[0.191s] Invoking command in '/home/kisrane/panda_ws/build/franka_description': CMAKE_PREFIX_PATH=${CMAKE_PREFIX_PATH}:/opt/ros/jazzy DEBUGINFOD_URLS=https://debuginfod.ubuntu.com /usr/bin/cmake --install /home/kisrane/panda_ws/build/franka_description
[0.206s] -- Install configuration: ""
[0.207s] -- Up-to-date: /home/kisrane/panda_ws/install/franka_description/share/franka_description//launch
[0.208s] -- Up-to-date: /home/kisrane/panda_ws/install/franka_description/share/franka_description//launch/visualize_franka.launch.py
[0.209s] -- Up-to-date: /home/kisrane/panda_ws/install/franka_description/share/franka_description//launch/visualize_franka_duo.launch.py
[0.209s] -- Up-to-date: /home/kisrane/panda_ws/install/franka_description/share/franka_description//robots
[0.210s] -- Up-to-date: /home/kisrane/panda_ws/install/franka_description/share/franka_description//robots/common
[0.211s] -- Up-to-date: /home/kisrane/panda_ws/install/franka_description/share/franka_description//robots/common/franka_arm.xacro
[0.211s] -- Up-to-date: /home/kisrane/panda_ws/install/franka_description/share/franka_description//robots/common/utils.xacro
[0.211s] -- Up-to-date: /home/kisrane/panda_ws/install/franka_description/share/franka_description//robots/common/group_definition.xacro
[0.211s] -- Up-to-date: /home/kisrane/panda_ws/install/franka_description/share/franka_description//robots/common/franka_robot.xacro
[0.211s] -- Up-to-date: /home/kisrane/panda_ws/install/franka_description/share/franka_description//robots/common/franka_arm.ros2_control.xacro
[0.212s] -- Up-to-date: /home/kisrane/panda_ws/install/franka_description/share/franka_description//robots/common/franka_arm.srdf.xacro
[0.212s] -- Up-to-date: /home/kisrane/panda_ws/install/franka_description/share/franka_description//robots/fr3_duo
[0.214s] -- Up-to-date: /home/kisrane/panda_ws/install/franka_description/share/franka_description//robots/fr3_duo/fr3_duo_fixed_structure.urdf.xacro
[0.215s] -- Up-to-date: /home/kisrane/panda_ws/install/franka_description/share/franka_description//robots/fr3_duo/fr3_duo_mount
[0.216s] -- Up-to-date: /home/kisrane/panda_ws/install/franka_description/share/franka_description//robots/fr3_duo/fr3_duo_mount/kinematics.yaml
[0.216s] -- Up-to-date: /home/kisrane/panda_ws/install/franka_description/share/franka_description//robots/fr3_duo/fr3_duo_mount/fr3_duo_mount.xacro
[0.216s] -- Up-to-date: /home/kisrane/panda_ws/install/franka_description/share/franka_description//robots/fr3_duo/fr3_duo_mount/inertials.yaml
[0.216s] -- Up-to-date: /home/kisrane/panda_ws/install/franka_description/share/franka_description//robots/fr3_duo/fr3_duo_head.xacro
[0.216s] -- Up-to-date: /home/kisrane/panda_ws/install/franka_description/share/franka_description//robots/fr3_duo/fr3_duo.urdf.xacro
[0.217s] -- Up-to-date: /home/kisrane/panda_ws/install/franka_description/share/franka_description//robots/fr3_duo/fr3_duo_arm.urdf.xacro
[0.218s] -- Up-to-date: /home/kisrane/panda_ws/install/franka_description/share/franka_description//robots/fr3_duo/fr3_duo.srdf.xacro
[0.218s] -- Up-to-date: /home/kisrane/panda_ws/install/franka_description/share/franka_description//robots/fr3v2
[0.219s] -- Up-to-date: /home/kisrane/panda_ws/install/franka_description/share/franka_description//robots/fr3v2/kinematics.yaml
[0.219s] -- Up-to-date: /home/kisrane/panda_ws/install/franka_description/share/franka_description//robots/fr3v2/fr3v2.urdf.xacro
[0.219s] -- Up-to-date: /home/kisrane/panda_ws/install/franka_description/share/franka_description//robots/fr3v2/inertials.yaml
[0.219s] -- Up-to-date: /home/kisrane/panda_ws/install/franka_description/share/franka_description//robots/fr3v2/fr3v2.srdf.xacro
[0.219s] -- Up-to-date: /home/kisrane/panda_ws/install/franka_description/share/franka_description//robots/fr3v2/dynamics.yaml
[0.219s] -- Up-to-date: /home/kisrane/panda_ws/install/franka_description/share/franka_description//robots/fr3v2/joint_limits.yaml
[0.219s] -- Up-to-date: /home/kisrane/panda_ws/install/franka_description/share/franka_description//robots/fr3v2/accelerometers.yaml
[0.220s] -- Up-to-date: /home/kisrane/panda_ws/install/franka_description/share/franka_description//robots/fer
[0.222s] -- Up-to-date: /home/kisrane/panda_ws/install/franka_description/share/franka_description//robots/fer/kinematics.yaml
[0.222s] -- Up-to-date: /home/kisrane/panda_ws/install/franka_description/share/franka_description//robots/fer/fer.srdf.xacro
[0.222s] -- Up-to-date: /home/kisrane/panda_ws/install/franka_description/share/franka_description//robots/fer/inertials.yaml
[0.222s] -- Up-to-date: /home/kisrane/panda_ws/install/franka_description/share/franka_description//robots/fer/fer.urdf.xacro
[0.222s] -- Up-to-date: /home/kisrane/panda_ws/install/franka_description/share/franka_description//robots/fer/dynamics.yaml
[0.222s] -- Up-to-date: /home/kisrane/panda_ws/install/franka_description/share/franka_description//robots/fer/joint_limits.yaml
[0.223s] -- Up-to-date: /home/kisrane/panda_ws/install/franka_description/share/franka_description//robots/mobile_fr3_duo_v0_2
[0.225s] -- Up-to-date: /home/kisrane/panda_ws/install/franka_description/share/franka_description//robots/mobile_fr3_duo_v0_2/mobile_fr3_duo_v0_2.urdf.xacro
[0.225s] -- Up-to-date: /home/kisrane/panda_ws/install/franka_description/share/franka_description//robots/mobile_fr3_duo_v0_2/mobile_fr3_duo_v0_2.xacro
[0.225s] -- Up-to-date: /home/kisrane/panda_ws/install/franka_description/share/franka_description//robots/mobile_fr3_duo_v0_2/mobile_fr3_duo.ros2_control.xacro
[0.225s] -- Up-to-date: /home/kisrane/panda_ws/install/franka_description/share/franka_description//robots/fp3
[0.227s] -- Up-to-date: /home/kisrane/panda_ws/install/franka_description/share/franka_description//robots/fp3/kinematics.yaml
[0.227s] -- Up-to-date: /home/kisrane/panda_ws/install/franka_description/share/franka_description//robots/fp3/inertials.yaml
[0.228s] -- Up-to-date: /home/kisrane/panda_ws/install/franka_description/share/franka_description//robots/fp3/dynamics.yaml
[0.228s] -- Up-to-date: /home/kisrane/panda_ws/install/franka_description/share/franka_description//robots/fp3/fp3.srdf.xacro
[0.228s] -- Up-to-date: /home/kisrane/panda_ws/install/franka_description/share/franka_description//robots/fp3/fp3.urdf.xacro
[0.228s] -- Up-to-date: /home/kisrane/panda_ws/install/franka_description/share/franka_description//robots/fp3/joint_limits.yaml
[0.229s] -- Up-to-date: /home/kisrane/panda_ws/install/franka_description/share/franka_description//robots/fp3/accelerometers.yaml
[0.229s] -- Up-to-date: /home/kisrane/panda_ws/install/franka_description/share/franka_description//robots/fr3v2_1
[0.230s] -- Up-to-date: /home/kisrane/panda_ws/install/franka_description/share/franka_description//robots/fr3v2_1/kinematics.yaml
[0.230s] -- Up-to-date: /home/kisrane/panda_ws/install/franka_description/share/franka_description//robots/fr3v2_1/fr3v2_1.urdf.xacro
[0.231s] -- Up-to-date: /home/kisrane/panda_ws/install/franka_description/share/franka_description//robots/fr3v2_1/inertials.yaml
[0.231s] -- Up-to-date: /home/kisrane/panda_ws/install/franka_description/share/franka_description//robots/fr3v2_1/fr3v2_1.srdf.xacro
[0.231s] -- Up-to-date: /home/kisrane/panda_ws/install/franka_description/share/franka_description//robots/fr3v2_1/dynamics.yaml
[0.231s] -- Up-to-date: /home/kisrane/panda_ws/install/franka_description/share/franka_description//robots/fr3v2_1/joint_limits.yaml
[0.231s] -- Up-to-date: /home/kisrane/panda_ws/install/franka_description/share/franka_description//robots/fr3v2_1/accelerometers.yaml
[0.231s] -- Up-to-date: /home/kisrane/panda_ws/install/franka_description/share/franka_description//robots/fr3
[0.231s] -- Up-to-date: /home/kisrane/panda_ws/install/franka_description/share/franka_description//robots/fr3/kinematics.yaml
[0.231s] -- Up-to-date: /home/kisrane/panda_ws/install/franka_description/share/franka_description//robots/fr3/fr3.urdf.xacro
[0.232s] -- Up-to-date: /home/kisrane/panda_ws/install/franka_description/share/franka_description//robots/fr3/inertials.yaml
[0.232s] -- Up-to-date: /home/kisrane/panda_ws/install/franka_description/share/franka_description//robots/fr3/fr3.srdf.xacro
[0.232s] -- Up-to-date: /home/kisrane/panda_ws/install/franka_description/share/franka_description//robots/fr3/dynamics.yaml
[0.232s] -- Up-to-date: /home/kisrane/panda_ws/install/franka_description/share/franka_description//robots/fr3/joint_limits.yaml
[0.232s] -- Up-to-date: /home/kisrane/panda_ws/install/franka_description/share/franka_description//robots/fr3/accelerometers.yaml
[0.232s] -- Up-to-date: /home/kisrane/panda_ws/install/franka_description/share/franka_description//robots/tmrv0_2
[0.233s] -- Up-to-date: /home/kisrane/panda_ws/install/franka_description/share/franka_description//robots/tmrv0_2/tmrv0_2.ros2_control.xacro
[0.233s] -- Up-to-date: /home/kisrane/panda_ws/install/franka_description/share/franka_description//robots/tmrv0_2/inertia.xacro
[0.234s] -- Up-to-date: /home/kisrane/panda_ws/install/franka_description/share/franka_description//robots/tmrv0_2/argo_drive.xacro
[0.234s] -- Up-to-date: /home/kisrane/panda_ws/install/franka_description/share/franka_description//robots/tmrv0_2/caster_wheel.xacro
[0.234s] -- Up-to-date: /home/kisrane/panda_ws/install/franka_description/share/franka_description//robots/tmrv0_2/rocker_arm.xacro
[0.234s] -- Up-to-date: /home/kisrane/panda_ws/install/franka_description/share/franka_description//robots/tmrv0_2/tmrv0_2.urdf.xacro
[0.234s] -- Up-to-date: /home/kisrane/panda_ws/install/franka_description/share/franka_description//robots/tmrv0_2/tmrv0_2.xacro
[0.234s] -- Up-to-date: /home/kisrane/panda_ws/install/franka_description/share/franka_description//end_effectors
[0.235s] -- Up-to-date: /home/kisrane/panda_ws/install/franka_description/share/franka_description//end_effectors/franka_hand
[0.236s] -- Up-to-date: /home/kisrane/panda_ws/install/franka_description/share/franka_description//end_effectors/franka_hand/franka_hand.urdf.xacro
[0.237s] -- Up-to-date: /home/kisrane/panda_ws/install/franka_description/share/franka_description//end_effectors/franka_hand/franka_hand_arguments.xacro
[0.237s] -- Up-to-date: /home/kisrane/panda_ws/install/franka_description/share/franka_description//end_effectors/franka_hand/inertials.yaml
[0.237s] -- Up-to-date: /home/kisrane/panda_ws/install/franka_description/share/franka_description//end_effectors/franka_hand/franka_hand.srdf.xacro
[0.237s] -- Up-to-date: /home/kisrane/panda_ws/install/franka_description/share/franka_description//end_effectors/cobot_pump
[0.240s] -- Up-to-date: /home/kisrane/panda_ws/install/franka_description/share/franka_description//end_effectors/cobot_pump/cobot_pump.urdf.xacro
[0.240s] -- Up-to-date: /home/kisrane/panda_ws/install/franka_description/share/franka_description//end_effectors/cobot_pump/cobot_pump_arguments.xacro
[0.240s] -- Up-to-date: /home/kisrane/panda_ws/install/franka_description/share/franka_description//end_effectors/cobot_pump/inertials.yaml
[0.240s] -- Up-to-date: /home/kisrane/panda_ws/install/franka_description/share/franka_description//end_effectors/common
[0.241s] -- Up-to-date: /home/kisrane/panda_ws/install/franka_description/share/franka_description//end_effectors/common/utils.xacro
[0.241s] -- Up-to-date: /home/kisrane/panda_ws/install/franka_description/share/franka_description//end_effectors/common/ee_with_one_link.xacro
[0.241s] -- Up-to-date: /home/kisrane/panda_ws/install/franka_description/share/franka_description//end_effectors/common/franka_hand.xacro
[0.241s] -- Up-to-date: /home/kisrane/panda_ws/install/franka_description/share/franka_description//meshes
[0.243s] -- Up-to-date: /home/kisrane/panda_ws/install/franka_description/share/franka_description//meshes/accessories
[0.246s] -- Up-to-date: /home/kisrane/panda_ws/install/franka_description/share/franka_description//meshes/accessories/fr3_duo_head
[0.247s] -- Up-to-date: /home/kisrane/panda_ws/install/franka_description/share/franka_description//meshes/accessories/fr3_duo_head/collision
[0.249s] -- Up-to-date: /home/kisrane/panda_ws/install/franka_description/share/franka_description//meshes/accessories/fr3_duo_head/collision/fr3_duo_head.stl
[0.249s] -- Up-to-date: /home/kisrane/panda_ws/install/franka_description/share/franka_description//meshes/accessories/fr3_duo_head/visual
[0.252s] -- Up-to-date: /home/kisrane/panda_ws/install/franka_description/share/franka_description//meshes/accessories/fr3_duo_head/visual/fr3_duo_head.dae
[0.253s] -- Up-to-date: /home/kisrane/panda_ws/install/franka_description/share/franka_description//meshes/accessories/fr3_duo_mount
[0.253s] -- Up-to-date: /home/kisrane/panda_ws/install/franka_description/share/franka_description//meshes/accessories/fr3_duo_mount/collision
[0.255s] -- Up-to-date: /home/kisrane/panda_ws/install/franka_description/share/franka_description//meshes/accessories/fr3_duo_mount/collision/fr3_duo_cover.stl
[0.255s] -- Up-to-date: /home/kisrane/panda_ws/install/franka_description/share/franka_description//meshes/accessories/fr3_duo_mount/collision/fr3_duo_mount.stl
[0.255s] -- Up-to-date: /home/kisrane/panda_ws/install/franka_description/share/franka_description//meshes/accessories/fr3_duo_mount/visual
[0.258s] -- Up-to-date: /home/kisrane/panda_ws/install/franka_description/share/franka_description//meshes/accessories/fr3_duo_mount/visual/fr3_duo_cover.dae
[0.258s] -- Up-to-date: /home/kisrane/panda_ws/install/franka_description/share/franka_description//meshes/accessories/fr3_duo_mount/visual/fr3_duo_mount.dae
[0.258s] -- Up-to-date: /home/kisrane/panda_ws/install/franka_description/share/franka_description//meshes/accessories/franka_spine
[0.259s] -- Up-to-date: /home/kisrane/panda_ws/install/franka_description/share/franka_description//meshes/accessories/franka_spine/collision
[0.262s] -- Up-to-date: /home/kisrane/panda_ws/install/franka_description/share/franka_description//meshes/accessories/franka_spine/collision/franka_spine.stl
[0.262s] -- Up-to-date: /home/kisrane/panda_ws/install/franka_description/share/franka_description//meshes/accessories/franka_spine/visual
[0.264s] -- Up-to-date: /home/kisrane/panda_ws/install/franka_description/share/franka_description//meshes/accessories/franka_spine/visual/franka_spine.dae
[0.264s] -- Up-to-date: /home/kisrane/panda_ws/install/franka_description/share/franka_description//meshes/robot_ee
[0.266s] -- Up-to-date: /home/kisrane/panda_ws/install/franka_description/share/franka_description//meshes/robot_ee/cobot_pump
[0.268s] -- Up-to-date: /home/kisrane/panda_ws/install/franka_description/share/franka_description//meshes/robot_ee/cobot_pump/collision
[0.270s] -- Up-to-date: /home/kisrane/panda_ws/install/franka_description/share/franka_description//meshes/robot_ee/cobot_pump/collision/cobot_pump.stl
[0.270s] -- Up-to-date: /home/kisrane/panda_ws/install/franka_description/share/franka_description//meshes/robot_ee/cobot_pump/visual
[0.272s] -- Up-to-date: /home/kisrane/panda_ws/install/franka_description/share/franka_description//meshes/robot_ee/cobot_pump/visual/cobot_pump.dae
[0.272s] -- Up-to-date: /home/kisrane/panda_ws/install/franka_description/share/franka_description//meshes/robot_ee/franka_hand_black
[0.274s] -- Up-to-date: /home/kisrane/panda_ws/install/franka_description/share/franka_description//meshes/robot_ee/franka_hand_black/collision
[0.276s] -- Up-to-date: /home/kisrane/panda_ws/install/franka_description/share/franka_description//meshes/robot_ee/franka_hand_black/collision/hand.stl
[0.276s] -- Up-to-date: /home/kisrane/panda_ws/install/franka_description/share/franka_description//meshes/robot_ee/franka_hand_black/visual
[0.278s] -- Up-to-date: /home/kisrane/panda_ws/install/franka_description/share/franka_description//meshes/robot_ee/franka_hand_black/visual/finger.dae
[0.278s] -- Up-to-date: /home/kisrane/panda_ws/install/franka_description/share/franka_description//meshes/robot_ee/franka_hand_black/visual/hand.dae
[0.279s] -- Up-to-date: /home/kisrane/panda_ws/install/franka_description/share/franka_description//meshes/robot_ee/franka_hand_white
[0.280s] -- Up-to-date: /home/kisrane/panda_ws/install/franka_description/share/franka_description//meshes/robot_ee/franka_hand_white/collision
[0.282s] -- Up-to-date: /home/kisrane/panda_ws/install/franka_description/share/franka_description//meshes/robot_ee/franka_hand_white/collision/hand.stl
[0.282s] -- Up-to-date: /home/kisrane/panda_ws/install/franka_description/share/franka_description//meshes/robot_ee/franka_hand_white/visual
[0.284s] -- Up-to-date: /home/kisrane/panda_ws/install/franka_description/share/franka_description//meshes/robot_ee/franka_hand_white/visual/finger.dae
[0.284s] -- Up-to-date: /home/kisrane/panda_ws/install/franka_description/share/franka_description//meshes/robot_ee/franka_hand_white/visual/hand.dae
[0.284s] -- Up-to-date: /home/kisrane/panda_ws/install/franka_description/share/franka_description//meshes/robots
[0.286s] -- Up-to-date: /home/kisrane/panda_ws/install/franka_description/share/franka_description//meshes/robots/fr3v2
[0.289s] -- Up-to-date: /home/kisrane/panda_ws/install/franka_description/share/franka_description//meshes/robots/fr3v2/collision
[0.290s] -- Up-to-date: /home/kisrane/panda_ws/install/franka_description/share/franka_description//meshes/robots/fr3v2/collision/link7.stl
[0.291s] -- Up-to-date: /home/kisrane/panda_ws/install/franka_description/share/franka_description//meshes/robots/fr3v2/collision/link5.stl
[0.291s] -- Up-to-date: /home/kisrane/panda_ws/install/franka_description/share/franka_description//meshes/robots/fr3v2/collision/link6.stl
[0.291s] -- Up-to-date: /home/kisrane/panda_ws/install/franka_description/share/franka_description//meshes/robots/fr3v2/collision/link3.stl
[0.291s] -- Up-to-date: /home/kisrane/panda_ws/install/franka_description/share/franka_description//meshes/robots/fr3v2/collision/link2.stl
[0.291s] -- Up-to-date: /home/kisrane/panda_ws/install/franka_description/share/franka_description//meshes/robots/fr3v2/collision/link0.stl
[0.291s] -- Up-to-date: /home/kisrane/panda_ws/install/franka_description/share/franka_description//meshes/robots/fr3v2/collision/link1.stl
[0.291s] -- Up-to-date: /home/kisrane/panda_ws/install/franka_description/share/franka_description//meshes/robots/fr3v2/collision/link4.stl
[0.291s] -- Up-to-date: /home/kisrane/panda_ws/install/franka_description/share/franka_description//meshes/robots/fr3v2/visual
[0.293s] -- Up-to-date: /home/kisrane/panda_ws/install/franka_description/share/franka_description//meshes/robots/fr3v2/visual/link7.dae
[0.293s] -- Up-to-date: /home/kisrane/panda_ws/install/franka_description/share/franka_description//meshes/robots/fr3v2/visual/link5.dae
[0.294s] -- Up-to-date: /home/kisrane/panda_ws/install/franka_description/share/franka_description//meshes/robots/fr3v2/visual/link2.dae
[0.294s] -- Up-to-date: /home/kisrane/panda_ws/install/franka_description/share/franka_description//meshes/robots/fr3v2/visual/link6.dae
[0.294s] -- Up-to-date: /home/kisrane/panda_ws/install/franka_description/share/franka_description//meshes/robots/fr3v2/visual/link1.dae
[0.294s] -- Up-to-date: /home/kisrane/panda_ws/install/franka_description/share/franka_description//meshes/robots/fr3v2/visual/link3.dae
[0.294s] -- Up-to-date: /home/kisrane/panda_ws/install/franka_description/share/franka_description//meshes/robots/fr3v2/visual/link0.dae
[0.294s] -- Up-to-date: /home/kisrane/panda_ws/install/franka_description/share/franka_description//meshes/robots/fr3v2/visual/link4.dae
[0.295s] -- Up-to-date: /home/kisrane/panda_ws/install/franka_description/share/franka_description//meshes/robots/fer
[0.295s] -- Up-to-date: /home/kisrane/panda_ws/install/franka_description/share/franka_description//meshes/robots/fer/collision
[0.298s] -- Up-to-date: /home/kisrane/panda_ws/install/franka_description/share/franka_description//meshes/robots/fer/collision/link7.stl
[0.298s] -- Up-to-date: /home/kisrane/panda_ws/install/franka_description/share/franka_description//meshes/robots/fer/collision/link5.stl
[0.298s] -- Up-to-date: /home/kisrane/panda_ws/install/franka_description/share/franka_description//meshes/robots/fer/collision/hand.stl
[0.298s] -- Up-to-date: /home/kisrane/panda_ws/install/franka_description/share/franka_description//meshes/robots/fer/collision/link6.stl
[0.298s] -- Up-to-date: /home/kisrane/panda_ws/install/franka_description/share/franka_description//meshes/robots/fer/collision/link3.stl
[0.298s] -- Up-to-date: /home/kisrane/panda_ws/install/franka_description/share/franka_description//meshes/robots/fer/collision/link2.stl
[0.299s] -- Up-to-date: /home/kisrane/panda_ws/install/franka_description/share/franka_description//meshes/robots/fer/collision/link0.stl
[0.299s] -- Up-to-date: /home/kisrane/panda_ws/install/franka_description/share/franka_description//meshes/robots/fer/collision/link1.stl
[0.299s] -- Up-to-date: /home/kisrane/panda_ws/install/franka_description/share/franka_description//meshes/robots/fer/collision/link4.stl
[0.299s] -- Up-to-date: /home/kisrane/panda_ws/install/franka_description/share/franka_description//meshes/robots/fer/visual
[0.300s] -- Up-to-date: /home/kisrane/panda_ws/install/franka_description/share/franka_description//meshes/robots/fer/visual/link7.dae
[0.300s] -- Up-to-date: /home/kisrane/panda_ws/install/franka_description/share/franka_description//meshes/robots/fer/visual/link5.dae
[0.300s] -- Up-to-date: /home/kisrane/panda_ws/install/franka_description/share/franka_description//meshes/robots/fer/visual/link2.dae
[0.300s] -- Up-to-date: /home/kisrane/panda_ws/install/franka_description/share/franka_description//meshes/robots/fer/visual/link6.dae
[0.300s] -- Up-to-date: /home/kisrane/panda_ws/install/franka_description/share/franka_description//meshes/robots/fer/visual/link1.dae
[0.301s] -- Up-to-date: /home/kisrane/panda_ws/install/franka_description/share/franka_description//meshes/robots/fer/visual/link3.dae
[0.301s] -- Up-to-date: /home/kisrane/panda_ws/install/franka_description/share/franka_description//meshes/robots/fer/visual/link0.dae
[0.301s] -- Up-to-date: /home/kisrane/panda_ws/install/franka_description/share/franka_description//meshes/robots/fer/visual/finger.dae
[0.301s] -- Up-to-date: /home/kisrane/panda_ws/install/franka_description/share/franka_description//meshes/robots/fer/visual/link4.dae
[0.301s] -- Up-to-date: /home/kisrane/panda_ws/install/franka_description/share/franka_description//meshes/robots/fer/visual/hand.dae
[0.302s] -- Up-to-date: /home/kisrane/panda_ws/install/franka_description/share/franka_description//meshes/robots/fp3
[0.302s] -- Up-to-date: /home/kisrane/panda_ws/install/franka_description/share/franka_description//meshes/robots/fp3/collision
[0.306s] -- Up-to-date: /home/kisrane/panda_ws/install/franka_description/share/franka_description//meshes/robots/fp3/collision/link7.stl
[0.306s] -- Up-to-date: /home/kisrane/panda_ws/install/franka_description/share/franka_description//meshes/robots/fp3/collision/link5.stl
[0.306s] -- Up-to-date: /home/kisrane/panda_ws/install/franka_description/share/franka_description//meshes/robots/fp3/collision/link6.stl
[0.306s] -- Up-to-date: /home/kisrane/panda_ws/install/franka_description/share/franka_description//meshes/robots/fp3/collision/link3.stl
[0.306s] -- Up-to-date: /home/kisrane/panda_ws/install/franka_description/share/franka_description//meshes/robots/fp3/collision/link2.stl
[0.308s] -- Up-to-date: /home/kisrane/panda_ws/install/franka_description/share/franka_description//meshes/robots/fp3/collision/link0.stl
[0.308s] -- Up-to-date: /home/kisrane/panda_ws/install/franka_description/share/franka_description//meshes/robots/fp3/collision/link1.stl
[0.308s] -- Up-to-date: /home/kisrane/panda_ws/install/franka_description/share/franka_description//meshes/robots/fp3/collision/link4.stl
[0.308s] -- Up-to-date: /home/kisrane/panda_ws/install/franka_description/share/franka_description//meshes/robots/fp3/visual
[0.312s] -- Up-to-date: /home/kisrane/panda_ws/install/franka_description/share/franka_description//meshes/robots/fp3/visual/link7.dae
[0.312s] -- Up-to-date: /home/kisrane/panda_ws/install/franka_description/share/franka_description//meshes/robots/fp3/visual/link5.dae
[0.312s] -- Up-to-date: /home/kisrane/panda_ws/install/franka_description/share/franka_description//meshes/robots/fp3/visual/link2.dae
[0.312s] -- Up-to-date: /home/kisrane/panda_ws/install/franka_description/share/franka_description//meshes/robots/fp3/visual/link6.dae
[0.312s] -- Up-to-date: /home/kisrane/panda_ws/install/franka_description/share/franka_description//meshes/robots/fp3/visual/link1.dae
[0.312s] -- Up-to-date: /home/kisrane/panda_ws/install/franka_description/share/franka_description//meshes/robots/fp3/visual/link3.dae
[0.312s] -- Up-to-date: /home/kisrane/panda_ws/install/franka_description/share/franka_description//meshes/robots/fp3/visual/link0.dae
[0.312s] -- Up-to-date: /home/kisrane/panda_ws/install/franka_description/share/franka_description//meshes/robots/fp3/visual/link4.dae
[0.312s] -- Up-to-date: /home/kisrane/panda_ws/install/franka_description/share/franka_description//meshes/robots/fr3v2_1
[0.314s] -- Up-to-date: /home/kisrane/panda_ws/install/franka_description/share/franka_description//meshes/robots/fr3v2_1/collision
[0.316s] -- Up-to-date: /home/kisrane/panda_ws/install/franka_description/share/franka_description//meshes/robots/fr3v2_1/collision/link7.stl
[0.316s] -- Up-to-date: /home/kisrane/panda_ws/install/franka_description/share/franka_description//meshes/robots/fr3v2_1/collision/link5.stl
[0.316s] -- Up-to-date: /home/kisrane/panda_ws/install/franka_description/share/franka_description//meshes/robots/fr3v2_1/collision/link6.stl
[0.317s] -- Up-to-date: /home/kisrane/panda_ws/install/franka_description/share/franka_description//meshes/robots/fr3v2_1/collision/link3.stl
[0.317s] -- Up-to-date: /home/kisrane/panda_ws/install/franka_description/share/franka_description//meshes/robots/fr3v2_1/collision/link2.stl
[0.317s] -- Up-to-date: /home/kisrane/panda_ws/install/franka_description/share/franka_description//meshes/robots/fr3v2_1/collision/link0.stl
[0.317s] -- Up-to-date: /home/kisrane/panda_ws/install/franka_description/share/franka_description//meshes/robots/fr3v2_1/collision/link1.stl
[0.321s] -- Up-to-date: /home/kisrane/panda_ws/install/franka_description/share/franka_description//meshes/robots/fr3v2_1/collision/link4.stl
[0.321s] -- Up-to-date: /home/kisrane/panda_ws/install/franka_description/share/franka_description//meshes/robots/fr3v2_1/visual
[0.322s] -- Up-to-date: /home/kisrane/panda_ws/install/franka_description/share/franka_description//meshes/robots/fr3v2_1/visual/link7.dae
[0.322s] -- Up-to-date: /home/kisrane/panda_ws/install/franka_description/share/franka_description//meshes/robots/fr3v2_1/visual/link5.dae
[0.322s] -- Up-to-date: /home/kisrane/panda_ws/install/franka_description/share/franka_description//meshes/robots/fr3v2_1/visual/link2.dae
[0.322s] -- Up-to-date: /home/kisrane/panda_ws/install/franka_description/share/franka_description//meshes/robots/fr3v2_1/visual/link6.dae
[0.322s] -- Up-to-date: /home/kisrane/panda_ws/install/franka_description/share/franka_description//meshes/robots/fr3v2_1/visual/link1.dae
[0.323s] -- Up-to-date: /home/kisrane/panda_ws/install/franka_description/share/franka_description//meshes/robots/fr3v2_1/visual/link3.dae
[0.323s] -- Up-to-date: /home/kisrane/panda_ws/install/franka_description/share/franka_description//meshes/robots/fr3v2_1/visual/link0.dae
[0.323s] -- Up-to-date: /home/kisrane/panda_ws/install/franka_description/share/franka_description//meshes/robots/fr3v2_1/visual/link4.dae
[0.323s] -- Up-to-date: /home/kisrane/panda_ws/install/franka_description/share/franka_description//meshes/robots/fr3
[0.325s] -- Up-to-date: /home/kisrane/panda_ws/install/franka_description/share/franka_description//meshes/robots/fr3/collision
[0.328s] -- Up-to-date: /home/kisrane/panda_ws/install/franka_description/share/franka_description//meshes/robots/fr3/collision/link7.stl
[0.328s] -- Up-to-date: /home/kisrane/panda_ws/install/franka_description/share/franka_description//meshes/robots/fr3/collision/link5.stl
[0.328s] -- Up-to-date: /home/kisrane/panda_ws/install/franka_description/share/franka_description//meshes/robots/fr3/collision/link6.stl
[0.328s] -- Up-to-date: /home/kisrane/panda_ws/install/franka_description/share/franka_description//meshes/robots/fr3/collision/link3.stl
[0.328s] -- Up-to-date: /home/kisrane/panda_ws/install/franka_description/share/franka_description//meshes/robots/fr3/collision/link2.stl
[0.328s] -- Up-to-date: /home/kisrane/panda_ws/install/franka_description/share/franka_description//meshes/robots/fr3/collision/link0.stl
[0.328s] -- Up-to-date: /home/kisrane/panda_ws/install/franka_description/share/franka_description//meshes/robots/fr3/collision/link1.stl
[0.328s] -- Up-to-date: /home/kisrane/panda_ws/install/franka_description/share/franka_description//meshes/robots/fr3/collision/link4.stl
[0.329s] -- Up-to-date: /home/kisrane/panda_ws/install/franka_description/share/franka_description//meshes/robots/fr3/visual
[0.331s] -- Up-to-date: /home/kisrane/panda_ws/install/franka_description/share/franka_description//meshes/robots/fr3/visual/link7.dae
[0.331s] -- Up-to-date: /home/kisrane/panda_ws/install/franka_description/share/franka_description//meshes/robots/fr3/visual/link5.dae
[0.331s] -- Up-to-date: /home/kisrane/panda_ws/install/franka_description/share/franka_description//meshes/robots/fr3/visual/link2.dae
[0.331s] -- Up-to-date: /home/kisrane/panda_ws/install/franka_description/share/franka_description//meshes/robots/fr3/visual/link6.dae
[0.331s] -- Up-to-date: /home/kisrane/panda_ws/install/franka_description/share/franka_description//meshes/robots/fr3/visual/link1.dae
[0.331s] -- Up-to-date: /home/kisrane/panda_ws/install/franka_description/share/franka_description//meshes/robots/fr3/visual/link3.dae
[0.332s] -- Up-to-date: /home/kisrane/panda_ws/install/franka_description/share/franka_description//meshes/robots/fr3/visual/link0.dae
[0.332s] -- Up-to-date: /home/kisrane/panda_ws/install/franka_description/share/franka_description//meshes/robots/fr3/visual/link4.dae
[0.332s] -- Up-to-date: /home/kisrane/panda_ws/install/franka_description/share/franka_description//meshes/robots/tmrv0_2
[0.334s] -- Up-to-date: /home/kisrane/panda_ws/install/franka_description/share/franka_description//meshes/robots/tmrv0_2/collision
[0.336s] -- Up-to-date: /home/kisrane/panda_ws/install/franka_description/share/franka_description//meshes/robots/tmrv0_2/collision/tmrv0_2.stl
[0.336s] -- Up-to-date: /home/kisrane/panda_ws/install/franka_description/share/franka_description//meshes/robots/tmrv0_2/visual
[0.340s] -- Up-to-date: /home/kisrane/panda_ws/install/franka_description/share/franka_description//meshes/robots/tmrv0_2/visual/tmrv0_2.dae
[0.340s] -- Up-to-date: /home/kisrane/panda_ws/install/franka_description/share/franka_description//rviz
[0.342s] -- Up-to-date: /home/kisrane/panda_ws/install/franka_description/share/franka_description//rviz/visualize_franka.rviz
[0.342s] -- Up-to-date: /home/kisrane/panda_ws/install/franka_description/share/franka_description//rviz/visualize_franka_duo.rviz
[0.344s] -- Up-to-date: /home/kisrane/panda_ws/install/franka_description/share/ament_index/resource_index/package_run_dependencies/franka_description
[0.345s] -- Up-to-date: /home/kisrane/panda_ws/install/franka_description/share/ament_index/resource_index/parent_prefix_path/franka_description
[0.346s] -- Up-to-date: /home/kisrane/panda_ws/install/franka_description/share/franka_description/environment/ament_prefix_path.sh
[0.347s] -- Up-to-date: /home/kisrane/panda_ws/install/franka_description/share/franka_description/environment/ament_prefix_path.dsv
[0.347s] -- Up-to-date: /home/kisrane/panda_ws/install/franka_description/share/franka_description/environment/path.sh
[0.347s] -- Up-to-date: /home/kisrane/panda_ws/install/franka_description/share/franka_description/environment/path.dsv
[0.347s] -- Up-to-date: /home/kisrane/panda_ws/install/franka_description/share/franka_description/local_setup.bash
[0.347s] -- Up-to-date: /home/kisrane/panda_ws/install/franka_description/share/franka_description/local_setup.sh
[0.347s] -- Up-to-date: /home/kisrane/panda_ws/install/franka_description/share/franka_description/local_setup.zsh
[0.348s] -- Up-to-date: /home/kisrane/panda_ws/install/franka_description/share/franka_description/local_setup.dsv
[0.348s] -- Up-to-date: /home/kisrane/panda_ws/install/franka_description/share/franka_description/package.dsv
[0.349s] -- Up-to-date: /home/kisrane/panda_ws/install/franka_description/share/ament_index/resource_index/packages/franka_description
[0.350s] -- Up-to-date: /home/kisrane/panda_ws/install/franka_description/share/franka_description/cmake/franka_descriptionConfig.cmake
[0.352s] -- Up-to-date: /home/kisrane/panda_ws/install/franka_description/share/franka_description/cmake/franka_descriptionConfig-version.cmake
[0.352s] -- Up-to-date: /home/kisrane/panda_ws/install/franka_description/share/franka_description/package.xml
[0.355s] Invoked command in '/home/kisrane/panda_ws/build/franka_description' returned '0': CMAKE_PREFIX_PATH=${CMAKE_PREFIX_PATH}:/opt/ros/jazzy DEBUGINFOD_URLS=https://debuginfod.ubuntu.com /usr/bin/cmake --install /home/kisrane/panda_ws/build/franka_description
